0:0:0:0:0:0:0:1 - - [14/Dec/2015:00:29:40 +0000] "GET /chat?X-Atmosphere-tracking-id=0&X-Atmosphere-Framework=1.1.0&X-Atmosphere-Transport=websocket&X-Cache-Date=0&Content-Type=application/json&X-atmo-protocol=true HTTP/1.1" 101 0 592 592
0:0:0:0:0:0:0:1 - - [14/Dec/2015:00:36:15 +0000] "GET /chat?X-Atmosphere-tracking-id=0687d609-e3bb-4f78-bf1f-8161a3fa52dd&X-Atmosphere-Framework=1.1.0&X-Atmosphere-Transport=websocket&X-Cache-Date=1450053375864&Content-Type=application/json&X-atmo-protocol=true HTTP/1.1" 101 0 11 11
0:0:0:0:0:0:0:1 - - [14/Dec/2015:00:41:16 +0000] "GET /chat?X-Atmosphere-tracking-id=0687d609-e3bb-4f78-bf1f-8161a3fa52dd&X-Atmosphere-Framework=1.1.0&X-Atmosphere-Transport=websocket&X-Cache-Date=1450053676878&Content-Type=application/json&X-atmo-protocol=true HTTP/1.1" 101 0 2 2
0:0:0:0:0:0:0:1 - - [14/Dec/2015:00:46:17 +0000] "GET /chat?X-Atmosphere-tracking-id=0687d609-e3bb-4f78-bf1f-8161a3fa52dd&X-Atmosphere-Framework=1.1.0&X-Atmosphere-Transport=websocket&X-Cache-Date=1450053977893&Content-Type=application/json&X-atmo-protocol=true HTTP/1.1" 101 0 1 1
0:0:0:0:0:0:0:1 - - [14/Dec/2015:00:46:51 +0000] "GET /chat?X-Atmosphere-Transport=close&X-Atmosphere-tracking-id=0687d609-e3bb-4f78-bf1f-8161a3fa52dd HTTP/1.1" 200 0 9 9
0:0:0:0:0:0:0:1 - - [14/Dec/2015:00:46:51 +0000] "GET /chat?X-Atmosphere-tracking-id=0&X-Atmosphere-Framework=1.1.0&X-Atmosphere-Transport=websocket&X-Cache-Date=0&Content-Type=application/json&X-atmo-protocol=true HTTP/1.1" 101 0 2 2
0:0:0:0:0:0:0:1 - - [14/Dec/2015:00:48:27 +0000] "GET /chat?X-Atmosphere-Transport=close&X-Atmosphere-tracking-id=e3600de6-7eff-4b89-b476-4ea1d3c4785d HTTP/1.1" 200 0 1 1
0:0:0:0:0:0:0:1 - - [14/Dec/2015:00:48:28 +0000] "GET /chat?X-Atmosphere-tracking-id=0&X-Atmosphere-Framework=1.1.0&X-Atmosphere-Transport=websocket&X-Cache-Date=0&Content-Type=application/json&X-atmo-protocol=true HTTP/1.1" 101 0 6 6
0:0:0:0:0:0:0:1 - - [14/Dec/2015:00:49:26 +0000] "GET /chat?X-Atmosphere-Transport=close&X-Atmosphere-tracking-id=19d7a0d9-0097-44f3-ab53-cb078886ea2d HTTP/1.1" 200 0 1 1
0:0:0:0:0:0:0:1 - - [14/Dec/2015:00:49:26 +0000] "GET /chat?X-Atmosphere-tracking-id=0&X-Atmosphere-Framework=1.1.0&X-Atmosphere-Transport=websocket&X-Cache-Date=0&Content-Type=application/json&X-atmo-protocol=true HTTP/1.1" 101 0 3 3
0:0:0:0:0:0:0:1 - - [14/Dec/2015:00:51:38 +0000] "GET /chat?X-Atmosphere-Transport=close&X-Atmosphere-tracking-id=7a9fae96-7fcf-4238-9d94-925a06a2e567 HTTP/1.1" 200 0 2 2
0:0:0:0:0:0:0:1 - - [14/Dec/2015:00:51:38 +0000] "GET /chat?X-Atmosphere-tracking-id=0&X-Atmosphere-Framework=1.1.0&X-Atmosphere-Transport=websocket&X-Cache-Date=0&Content-Type=application/json&X-atmo-protocol=true HTTP/1.1" 101 0 5 5
0:0:0:0:0:0:0:1 - - [14/Dec/2015:00:53:50 +0000] "GET /chat?X-Atmosphere-Transport=close&X-Atmosphere-tracking-id=d597d6ce-ed09-4118-bf67-c48208a7a768 HTTP/1.1" 200 0 2 2
0:0:0:0:0:0:0:1 - - [14/Dec/2015:00:53:51 +0000] "GET /chat?X-Atmosphere-tracking-id=0&X-Atmosphere-Framework=1.1.0&X-Atmosphere-Transport=websocket&X-Cache-Date=0&Content-Type=application/json&X-atmo-protocol=true HTTP/1.1" 101 0 4 4
0:0:0:0:0:0:0:1 - - [14/Dec/2015:00:54:11 +0000] "GET /chat?X-Atmosphere-Transport=close&X-Atmosphere-tracking-id=97533f74-da2a-4faf-9016-727a21384dac HTTP/1.1" 200 0 1 1
0:0:0:0:0:0:0:1 - - [14/Dec/2015:00:54:11 +0000] "GET /chat?X-Atmosphere-tracking-id=0&X-Atmosphere-Framework=1.1.0&X-Atmosphere-Transport=websocket&X-Cache-Date=0&Content-Type=application/json&X-atmo-protocol=true HTTP/1.1" 101 0 6 6
0:0:0:0:0:0:0:1 - - [14/Dec/2015:00:56:32 +0000] "GET /chat?X-Atmosphere-Transport=close&X-Atmosphere-tracking-id=daf50c2d-13a4-48f6-b5a3-bfb5d7c5f718 HTTP/1.1" 200 0 3 3
0:0:0:0:0:0:0:1 - - [14/Dec/2015:00:56:32 +0000] "GET /chat?X-Atmosphere-tracking-id=0&X-Atmosphere-Framework=1.1.0&X-Atmosphere-Transport=websocket&X-Cache-Date=0&Content-Type=application/json&X-atmo-protocol=true HTTP/1.1" 101 0 20 20
0:0:0:0:0:0:0:1 - - [14/Dec/2015:09:57:32 +0000] "GET / HTTP/1.1" 404 1318 118 118
0:0:0:0:0:0:0:1 - - [14/Dec/2015:09:57:33 +0000] "GET /favicon.ico HTTP/1.1" 404 1329 3 3
0:0:0:0:0:0:0:1 - - [14/Dec/2015:09:58:10 +0000] "GET /chat?X-Atmosphere-tracking-id=0&X-Atmosphere-Framework=1.1.0&X-Atmosphere-Transport=websocket&X-Cache-Date=0&Content-Type=application/json&X-atmo-protocol=true HTTP/1.1" 101 0 68 68
0:0:0:0:0:0:0:1 - - [14/Dec/2015:10:00:30 +0000] "GET /chat?X-Atmosphere-Transport=close&X-Atmosphere-tracking-id=eb5cf6da-ac2e-4714-a71e-41dfca38184b HTTP/1.1" 200 0 4 4
0:0:0:0:0:0:0:1 - - [14/Dec/2015:10:00:31 +0000] "GET /chat?X-Atmosphere-tracking-id=0&X-Atmosphere-Framework=1.1.0&X-Atmosphere-Transport=websocket&X-Cache-Date=0&Content-Type=application/json&X-atmo-protocol=true HTTP/1.1" 101 0 14 14
0:0:0:0:0:0:0:1 - - [14/Dec/2015:10:01:11 +0000] "GET /chat?X-Atmosphere-Transport=close&X-Atmosphere-tracking-id=932f26e0-c8d6-47da-8cfe-f547fd75bb42 HTTP/1.1" 200 0 1 1
0:0:0:0:0:0:0:1 - - [14/Dec/2015:10:01:11 +0000] "GET /chat?X-Atmosphere-tracking-id=0&X-Atmosphere-Framework=1.1.0&X-Atmosphere-Transport=websocket&X-Cache-Date=0&Content-Type=application/json&X-atmo-protocol=true HTTP/1.1" 101 0 4 4
0:0:0:0:0:0:0:1 - - [14/Dec/2015:10:06:11 +0000] "GET /chat?X-Atmosphere-tracking-id=188805ab-b879-4d29-816f-20dc2b4ddefe&X-Atmosphere-Framework=1.1.0&X-Atmosphere-Transport=websocket&X-Cache-Date=1450087571785&Content-Type=application/json&X-atmo-protocol=true HTTP/1.1" 101 0 11 11
0:0:0:0:0:0:0:1 - - [14/Dec/2015:10:06:27 +0000] "GET /chat?X-Atmosphere-Transport=close&X-Atmosphere-tracking-id=188805ab-b879-4d29-816f-20dc2b4ddefe HTTP/1.1" 200 0 1 1
0:0:0:0:0:0:0:1 - - [14/Dec/2015:10:06:28 +0000] "GET /chat?X-Atmosphere-tracking-id=0&X-Atmosphere-Framework=1.1.0&X-Atmosphere-Transport=websocket&X-Cache-Date=0&Content-Type=application/json&X-atmo-protocol=true HTTP/1.1" 101 0 3 3
0:0:0:0:0:0:0:1 - - [14/Dec/2015:10:09:04 +0000] "GET /chat?X-Atmosphere-tracking-id=0&X-Atmosphere-Framework=1.1.0&X-Atmosphere-Transport=websocket&X-Cache-Date=0&Content-Type=application/json&X-atmo-protocol=true HTTP/1.1" 101 0 5 5
0:0:0:0:0:0:0:1 - - [14/Dec/2015:10:11:28 +0000] "GET /chat?X-Atmosphere-tracking-id=ca24022e-c433-407f-bfd8-e4302e0dd2ef&X-Atmosphere-Framework=1.1.0&X-Atmosphere-Transport=websocket&X-Cache-Date=1450087888583&Content-Type=application/json&X-atmo-protocol=true HTTP/1.1" 101 0 4 4
0:0:0:0:0:0:0:1 - - [14/Dec/2015:10:14:05 +0000] "GET /chat?X-Atmosphere-tracking-id=b9018902-7979-4312-941c-b6d4ba2086b6&X-Atmosphere-Framework=1.1.0&X-Atmosphere-Transport=websocket&X-Cache-Date=1450088045161&Content-Type=application/json&X-atmo-protocol=true HTTP/1.1" 101 0 4 4
0:0:0:0:0:0:0:1 - - [14/Dec/2015:10:16:28 +0000] "GET /chat?X-Atmosphere-tracking-id=ca24022e-c433-407f-bfd8-e4302e0dd2ef&X-Atmosphere-Framework=1.1.0&X-Atmosphere-Transport=websocket&X-Cache-Date=1450088188612&Content-Type=application/json&X-atmo-protocol=true HTTP/1.1" 101 0 3 3
0:0:0:0:0:0:0:1 - - [14/Dec/2015:10:19:05 +0000] "GET /chat?X-Atmosphere-tracking-id=b9018902-7979-4312-941c-b6d4ba2086b6&X-Atmosphere-Framework=1.1.0&X-Atmosphere-Transport=websocket&X-Cache-Date=1450088345184&Content-Type=application/json&X-atmo-protocol=true HTTP/1.1" 101 0 4 4
0:0:0:0:0:0:0:1 - - [14/Dec/2015:10:21:28 +0000] "GET /chat?X-Atmosphere-tracking-id=ca24022e-c433-407f-bfd8-e4302e0dd2ef&X-Atmosphere-Framework=1.1.0&X-Atmosphere-Transport=websocket&X-Cache-Date=1450088488635&Content-Type=application/json&X-atmo-protocol=true HTTP/1.1" 101 0 4 4
0:0:0:0:0:0:0:1 - - [14/Dec/2015:10:24:05 +0000] "GET /chat?X-Atmosphere-tracking-id=b9018902-7979-4312-941c-b6d4ba2086b6&X-Atmosphere-Framework=1.1.0&X-Atmosphere-Transport=websocket&X-Cache-Date=1450088645212&Content-Type=application/json&X-atmo-protocol=true HTTP/1.1" 101 0 12 12
0:0:0:0:0:0:0:1 - - [14/Dec/2015:10:26:28 +0000] "GET /chat?X-Atmosphere-tracking-id=ca24022e-c433-407f-bfd8-e4302e0dd2ef&X-Atmosphere-Framework=1.1.0&X-Atmosphere-Transport=websocket&X-Cache-Date=1450088788659&Content-Type=application/json&X-atmo-protocol=true HTTP/1.1" 101 0 5 5
0:0:0:0:0:0:0:1 - - [14/Dec/2015:10:29:05 +0000] "GET /chat?X-Atmosphere-tracking-id=b9018902-7979-4312-941c-b6d4ba2086b6&X-Atmosphere-Framework=1.1.0&X-Atmosphere-Transport=websocket&X-Cache-Date=1450088945233&Content-Type=application/json&X-atmo-protocol=true HTTP/1.1" 101 0 3 3
0:0:0:0:0:0:0:1 - - [14/Dec/2015:10:31:28 +0000] "GET /chat?X-Atmosphere-tracking-id=ca24022e-c433-407f-bfd8-e4302e0dd2ef&X-Atmosphere-Framework=1.1.0&X-Atmosphere-Transport=websocket&X-Cache-Date=1450089088682&Content-Type=application/json&X-atmo-protocol=true HTTP/1.1" 101 0 3 3
0:0:0:0:0:0:0:1 - - [14/Dec/2015:10:34:05 +0000] "GET /chat?X-Atmosphere-tracking-id=b9018902-7979-4312-941c-b6d4ba2086b6&X-Atmosphere-Framework=1.1.0&X-Atmosphere-Transport=websocket&X-Cache-Date=1450089245254&Content-Type=application/json&X-atmo-protocol=true HTTP/1.1" 101 0 4 4
0:0:0:0:0:0:0:1 - - [14/Dec/2015:10:49:04 +0000] "GET /chat?X-Atmosphere-Transport=close&X-Atmosphere-tracking-id=ca24022e-c433-407f-bfd8-e4302e0dd2ef HTTP/1.1" 200 0 0 0
